1571115492709	mozrunner::runner	INFO	Running command: "/usr/bin/firefox" "-marionette" "-foreground" "-no-remote" "-profile" "/tmp/rust_mozprofile8dkLmx"
_IceTransSocketUNIXConnect: Cannot connect to non-local host ubuntu
_IceTransSocketUNIXConnect: Cannot connect to non-local host ubuntu
1571115493155	addons.webextension.screenshots@mozilla.org	WARN	Loading extension 'screenshots@mozilla.org': Reading manifest: Invalid extension permission: mozillaAddons
1571115493155	addons.webextension.screenshots@mozilla.org	WARN	Loading extension 'screenshots@mozilla.org': Reading manifest: Invalid extension permission: telemetry
1571115493155	addons.webextension.screenshots@mozilla.org	WARN	Loading extension 'screenshots@mozilla.org': Reading manifest: Invalid extension permission: resource://pdf.js/
1571115493155	addons.webextension.screenshots@mozilla.org	WARN	Loading extension 'screenshots@mozilla.org': Reading manifest: Invalid extension permission: about:reader*
1571115495006	Marionette	INFO	Listening on port 37961
1571115495055	Marionette	WARN	TLS certificate errors will be ignored for this session
[Parent 456, Gecko_IOThread] WARNING: pipe error (82): Соединение разорвано другой стороной: file /build/firefox-WlAST4/firefox-69.0.2+build1/ipc/chromium/src/chrome/common/ipc_channel_posix.cc, line 358
1571115675677	Marionette	INFO	Stopped listening on port 37961
1571120750474	mozrunner::runner	INFO	Running command: "/usr/bin/firefox" "-marionette" "-foreground" "-no-remote" "-profile" "/tmp/rust_mozprofileZlaZJf"
_IceTransSocketUNIXConnect: Cannot connect to non-local host ubuntu
_IceTransSocketUNIXConnect: Cannot connect to non-local host ubuntu
1571120750978	addons.webextension.screenshots@mozilla.org	WARN	Loading extension 'screenshots@mozilla.org': Reading manifest: Invalid extension permission: mozillaAddons
1571120750979	addons.webextension.screenshots@mozilla.org	WARN	Loading extension 'screenshots@mozilla.org': Reading manifest: Invalid extension permission: telemetry
1571120750979	addons.webextension.screenshots@mozilla.org	WARN	Loading extension 'screenshots@mozilla.org': Reading manifest: Invalid extension permission: resource://pdf.js/
1571120750979	addons.webextension.screenshots@mozilla.org	WARN	Loading extension 'screenshots@mozilla.org': Reading manifest: Invalid extension permission: about:reader*
1571120752921	Marionette	INFO	Listening on port 37753
1571120752987	Marionette	WARN	TLS certificate errors will be ignored for this session
1571120753162	Marionette	INFO	Stopped listening on port 37753
1571120755049	mozrunner::runner	INFO	Running command: "/usr/bin/firefox" "-marionette" "-foreground" "-no-remote" "-profile" "/tmp/rust_mozprofileQ7RawX"
_IceTransSocketUNIXConnect: Cannot connect to non-local host ubuntu
_IceTransSocketUNIXConnect: Cannot connect to non-local host ubuntu
1571120755628	addons.webextension.screenshots@mozilla.org	WARN	Loading extension 'screenshots@mozilla.org': Reading manifest: Invalid extension permission: mozillaAddons
1571120755629	addons.webextension.screenshots@mozilla.org	WARN	Loading extension 'screenshots@mozilla.org': Reading manifest: Invalid extension permission: telemetry
1571120755629	addons.webextension.screenshots@mozilla.org	WARN	Loading extension 'screenshots@mozilla.org': Reading manifest: Invalid extension permission: resource://pdf.js/
1571120755629	addons.webextension.screenshots@mozilla.org	WARN	Loading extension 'screenshots@mozilla.org': Reading manifest: Invalid extension permission: about:reader*
1571120757346	Marionette	INFO	Listening on port 37741
1571120757361	Marionette	WARN	TLS certificate errors will be ignored for this session
1571120757555	Marionette	INFO	Stopped listening on port 37741
1571121136991	mozrunner::runner	INFO	Running command: "/usr/bin/firefox" "-marionette" "-foreground" "-no-remote" "-profile" "/tmp/rust_mozprofileowwynk"
_IceTransSocketUNIXConnect: Cannot connect to non-local host ubuntu
_IceTransSocketUNIXConnect: Cannot connect to non-local host ubuntu
1571121137443	addons.webextension.screenshots@mozilla.org	WARN	Loading extension 'screenshots@mozilla.org': Reading manifest: Invalid extension permission: mozillaAddons
1571121137443	addons.webextension.screenshots@mozilla.org	WARN	Loading extension 'screenshots@mozilla.org': Reading manifest: Invalid extension permission: telemetry
1571121137444	addons.webextension.screenshots@mozilla.org	WARN	Loading extension 'screenshots@mozilla.org': Reading manifest: Invalid extension permission: resource://pdf.js/
1571121137444	addons.webextension.screenshots@mozilla.org	WARN	Loading extension 'screenshots@mozilla.org': Reading manifest: Invalid extension permission: about:reader*
1571121139073	Marionette	INFO	Listening on port 40521
1571121139097	Marionette	WARN	TLS certificate errors will be ignored for this session
1571121139294	Marionette	INFO	Stopped listening on port 40521
1571121394662	mozrunner::runner	INFO	Running command: "/usr/bin/firefox" "-marionette" "-foreground" "-no-remote" "-profile" "/tmp/rust_mozprofile5D8lJm"
_IceTransSocketUNIXConnect: Cannot connect to non-local host ubuntu
_IceTransSocketUNIXConnect: Cannot connect to non-local host ubuntu
1571121395105	addons.webextension.screenshots@mozilla.org	WARN	Loading extension 'screenshots@mozilla.org': Reading manifest: Invalid extension permission: mozillaAddons
1571121395105	addons.webextension.screenshots@mozilla.org	WARN	Loading extension 'screenshots@mozilla.org': Reading manifest: Invalid extension permission: telemetry
1571121395106	addons.webextension.screenshots@mozilla.org	WARN	Loading extension 'screenshots@mozilla.org': Reading manifest: Invalid extension permission: resource://pdf.js/
1571121395106	addons.webextension.screenshots@mozilla.org	WARN	Loading extension 'screenshots@mozilla.org': Reading manifest: Invalid extension permission: about:reader*
1571121396926	Marionette	INFO	Listening on port 34049
1571121396970	Marionette	WARN	TLS certificate errors will be ignored for this session
1571121397149	Marionette	INFO	Stopped listening on port 34049
1571136689759	mozrunner::runner	INFO	Running command: "/usr/bin/firefox" "-marionette" "-foreground" "-no-remote" "-profile" "/tmp/rust_mozprofilenj2nJ1"
_IceTransSocketUNIXConnect: Cannot connect to non-local host ubuntu
_IceTransSocketUNIXConnect: Cannot connect to non-local host ubuntu
1571136690294	addons.webextension.screenshots@mozilla.org	WARN	Loading extension 'screenshots@mozilla.org': Reading manifest: Invalid extension permission: mozillaAddons
1571136690294	addons.webextension.screenshots@mozilla.org	WARN	Loading extension 'screenshots@mozilla.org': Reading manifest: Invalid extension permission: telemetry
1571136690295	addons.webextension.screenshots@mozilla.org	WARN	Loading extension 'screenshots@mozilla.org': Reading manifest: Invalid extension permission: resource://pdf.js/
1571136690295	addons.webextension.screenshots@mozilla.org	WARN	Loading extension 'screenshots@mozilla.org': Reading manifest: Invalid extension permission: about:reader*
1571136692267	Marionette	INFO	Listening on port 37763
1571136692367	Marionette	WARN	TLS certificate errors will be ignored for this session
1571136692515	Marionette	INFO	Stopped listening on port 37763
1571136710707	mozrunner::runner	INFO	Running command: "/usr/bin/firefox" "-marionette" "-foreground" "-no-remote" "-profile" "/tmp/rust_mozprofilezPc8gs"
_IceTransSocketUNIXConnect: Cannot connect to non-local host ubuntu
_IceTransSocketUNIXConnect: Cannot connect to non-local host ubuntu
1571136711127	addons.webextension.screenshots@mozilla.org	WARN	Loading extension 'screenshots@mozilla.org': Reading manifest: Invalid extension permission: mozillaAddons
1571136711127	addons.webextension.screenshots@mozilla.org	WARN	Loading extension 'screenshots@mozilla.org': Reading manifest: Invalid extension permission: telemetry
1571136711128	addons.webextension.screenshots@mozilla.org	WARN	Loading extension 'screenshots@mozilla.org': Reading manifest: Invalid extension permission: resource://pdf.js/
1571136711128	addons.webextension.screenshots@mozilla.org	WARN	Loading extension 'screenshots@mozilla.org': Reading manifest: Invalid extension permission: about:reader*
1571136712853	Marionette	INFO	Listening on port 38267
1571136712914	Marionette	WARN	TLS certificate errors will be ignored for this session
1571136713124	Marionette	INFO	Stopped listening on port 38267
